TN:
SF:controllers\orderController.js
FN:4,handleError
FN:11,getAll
FN:20,getById
FN:30,create
FN:40,update
FN:51,remove
FNF:6
FNH:6
FNDA:5,handleError
FNDA:2,getAll
FNDA:2,getById
FNDA:2,create
FNDA:2,update
FNDA:2,remove
DA:1,2
DA:2,2
DA:5,5
DA:6,4
DA:7,2
DA:8,2
DA:12,2
DA:13,2
DA:14,1
DA:16,1
DA:21,2
DA:22,2
DA:23,2
DA:24,1
DA:26,1
DA:31,2
DA:32,2
DA:33,2
DA:34,1
DA:36,1
DA:41,2
DA:42,2
DA:43,2
DA:44,2
DA:45,1
DA:47,1
DA:52,2
DA:53,2
DA:54,2
DA:55,1
DA:57,1
DA:61,2
LF:32
LH:32
BRDA:5,0,0,1
BRDA:5,0,1,4
BRDA:6,1,0,2
BRDA:6,1,1,2
BRDA:13,2,0,2
BRDA:13,2,1,1
BRDA:22,3,0,2
BRDA:22,3,1,0
BRDA:23,4,0,2
BRDA:23,4,1,1
BRDA:32,5,0,2
BRDA:32,5,1,0
BRDA:33,6,0,2
BRDA:33,6,1,1
BRDA:42,7,0,2
BRDA:42,7,1,0
BRDA:43,8,0,2
BRDA:43,8,1,0
BRDA:44,9,0,2
BRDA:44,9,1,1
BRDA:53,10,0,2
BRDA:53,10,1,0
BRDA:54,11,0,2
BRDA:54,11,1,1
BRF:24
BRH:19
end_of_record
TN:
SF:controllers\order_detailController.js
FN:4,handleError
FN:11,getAll
FN:20,getById
FN:30,create
FN:40,update
FN:51,remove
FNF:6
FNH:6
FNDA:17,handleError
FNDA:4,getAll
FNDA:6,getById
FNDA:8,create
FNDA:7,update
FNDA:6,remove
DA:1,2
DA:2,2
DA:5,17
DA:6,9
DA:7,4
DA:8,4
DA:12,4
DA:13,4
DA:14,2
DA:16,2
DA:21,6
DA:22,6
DA:23,6
DA:24,3
DA:26,3
DA:31,8
DA:32,8
DA:33,8
DA:34,3
DA:36,5
DA:41,7
DA:42,7
DA:43,7
DA:44,7
DA:45,3
DA:47,4
DA:52,6
DA:53,6
DA:54,6
DA:55,3
DA:57,3
DA:61,2
LF:32
LH:32
BRDA:5,0,0,8
BRDA:5,0,1,9
BRDA:6,1,0,5
BRDA:6,1,1,4
BRDA:13,2,0,4
BRDA:13,2,1,3
BRDA:22,3,0,6
BRDA:22,3,1,1
BRDA:23,4,0,6
BRDA:23,4,1,5
BRDA:32,5,0,8
BRDA:32,5,1,1
BRDA:33,6,0,8
BRDA:33,6,1,7
BRDA:42,7,0,7
BRDA:42,7,1,1
BRDA:43,8,0,7
BRDA:43,8,1,1
BRDA:44,9,0,7
BRDA:44,9,1,6
BRDA:53,10,0,6
BRDA:53,10,1,1
BRDA:54,11,0,6
BRDA:54,11,1,5
BRF:24
BRH:24
end_of_record
TN:
SF:controllers\productController.js
FN:4,handleError
FN:11,getAll
FN:20,getById
FN:30,create
FN:40,update
FN:51,remove
FNF:6
FNH:6
FNDA:13,handleError
FNDA:4,getAll
FNDA:6,getById
FNDA:5,create
FNDA:5,update
FNDA:6,remove
DA:1,2
DA:2,2
DA:5,13
DA:6,9
DA:7,4
DA:8,4
DA:12,4
DA:13,4
DA:14,2
DA:16,2
DA:21,6
DA:22,6
DA:23,6
DA:24,3
DA:26,3
DA:31,5
DA:32,5
DA:33,5
DA:34,3
DA:36,2
DA:41,5
DA:42,5
DA:43,5
DA:44,5
DA:45,2
DA:47,3
DA:52,6
DA:53,6
DA:54,6
DA:55,3
DA:57,3
DA:61,2
LF:32
LH:32
BRDA:5,0,0,4
BRDA:5,0,1,9
BRDA:6,1,0,5
BRDA:6,1,1,4
BRDA:13,2,0,4
BRDA:13,2,1,3
BRDA:22,3,0,6
BRDA:22,3,1,1
BRDA:23,4,0,6
BRDA:23,4,1,5
BRDA:32,5,0,5
BRDA:32,5,1,1
BRDA:33,6,0,5
BRDA:33,6,1,4
BRDA:42,7,0,5
BRDA:42,7,1,1
BRDA:43,8,0,5
BRDA:43,8,1,1
BRDA:44,9,0,5
BRDA:44,9,1,4
BRDA:53,10,0,6
BRDA:53,10,1,1
BRDA:54,11,0,6
BRDA:54,11,1,5
BRF:24
BRH:24
end_of_record
TN:
SF:controllers\userController.js
FN:4,handleError
FN:11,getAll
FN:20,getById
FN:30,create
FN:40,update
FN:51,remove
FNF:6
FNH:6
FNDA:12,handleError
FNDA:3,getAll
FNDA:5,getById
FNDA:4,create
FNDA:4,update
FNDA:4,remove
DA:1,2
DA:2,2
DA:5,12
DA:6,9
DA:7,4
DA:8,4
DA:12,3
DA:13,3
DA:14,1
DA:16,2
DA:21,5
DA:22,5
DA:23,5
DA:24,2
DA:26,3
DA:31,4
DA:32,4
DA:33,4
DA:34,2
DA:36,2
DA:41,4
DA:42,4
DA:43,4
DA:44,4
DA:45,2
DA:47,2
DA:52,4
DA:53,4
DA:54,4
DA:55,1
DA:57,3
DA:61,2
LF:32
LH:32
BRDA:5,0,0,3
BRDA:5,0,1,9
BRDA:6,1,0,5
BRDA:6,1,1,4
BRDA:13,2,0,3
BRDA:13,2,1,2
BRDA:22,3,0,5
BRDA:22,3,1,1
BRDA:23,4,0,5
BRDA:23,4,1,4
BRDA:32,5,0,4
BRDA:32,5,1,1
BRDA:33,6,0,4
BRDA:33,6,1,3
BRDA:42,7,0,4
BRDA:42,7,1,1
BRDA:43,8,0,4
BRDA:43,8,1,1
BRDA:44,9,0,4
BRDA:44,9,1,3
BRDA:53,10,0,4
BRDA:53,10,1,0
BRDA:54,11,0,4
BRDA:54,11,1,3
BRF:24
BRH:23
end_of_record
TN:
SF:routes\orderRoutes.js
FNF:0
FNH:0
DA:1,1
DA:2,1
DA:3,1
DA:5,1
DA:6,1
DA:7,1
DA:8,1
DA:9,1
DA:11,1
LF:9
LH:9
BRF:0
BRH:0
end_of_record
TN:
SF:routes\order_detailRoutes.js
FNF:0
FNH:0
DA:1,1
DA:2,1
DA:3,1
DA:5,1
DA:6,1
DA:7,1
DA:8,1
DA:9,1
DA:11,1
LF:9
LH:9
BRF:0
BRH:0
end_of_record
TN:
SF:routes\productRoutes.js
FNF:0
FNH:0
DA:1,1
DA:2,1
DA:3,1
DA:6,1
DA:7,1
DA:8,1
DA:9,1
DA:10,1
DA:12,1
LF:9
LH:9
BRF:0
BRH:0
end_of_record
TN:
SF:routes\userRoutes.js
FNF:0
FNH:0
DA:1,1
DA:2,1
DA:3,1
DA:5,1
DA:6,1
DA:7,1
DA:8,1
DA:9,1
DA:11,1
LF:9
LH:9
BRF:0
BRH:0
end_of_record
TN:
SF:services\orderService.js
FN:6,(anonymous_0)
FN:11,(anonymous_1)
FN:18,(anonymous_2)
FN:26,(anonymous_3)
FN:33,(anonymous_4)
FNF:5
FNH:5
FNDA:1,(anonymous_0)
FNDA:3,(anonymous_1)
FNDA:2,(anonymous_2)
FNDA:1,(anonymous_3)
FNDA:2,(anonymous_4)
DA:1,2
DA:2,2
DA:3,2
DA:5,2
DA:7,1
DA:8,1
DA:12,3
DA:13,2
DA:14,2
DA:15,1
DA:19,2
DA:20,1
DA:22,1
DA:23,1
DA:27,1
DA:28,1
DA:29,1
DA:30,1
DA:34,2
DA:35,1
DA:36,1
DA:37,1
DA:41,2
LF:23
LH:23
BRDA:12,0,0,1
BRDA:12,0,1,2
BRDA:14,1,0,1
BRDA:14,1,1,1
BRDA:19,2,0,1
BRDA:19,2,1,1
BRDA:19,3,0,2
BRDA:19,3,1,1
BRDA:19,3,2,1
BRDA:27,4,0,0
BRDA:27,4,1,1
BRDA:29,5,0,0
BRDA:29,5,1,1
BRDA:34,6,0,1
BRDA:34,6,1,1
BRDA:36,7,0,0
BRDA:36,7,1,1
BRF:17
BRH:14
end_of_record
TN:
SF:services\order_detailService.js
FN:7,(anonymous_0)
FN:12,(anonymous_1)
FN:19,(anonymous_2)
FN:27,(anonymous_3)
FN:34,(anonymous_4)
FNF:5
FNH:5
FNDA:1,(anonymous_0)
FNDA:3,(anonymous_1)
FNDA:2,(anonymous_2)
FNDA:2,(anonymous_3)
FNDA:2,(anonymous_4)
DA:2,2
DA:3,2
DA:4,2
DA:6,2
DA:8,1
DA:9,1
DA:13,3
DA:14,2
DA:15,2
DA:16,1
DA:20,2
DA:21,1
DA:23,1
DA:24,1
DA:28,2
DA:29,1
DA:30,1
DA:31,1
DA:35,2
DA:36,1
DA:37,1
DA:38,1
DA:43,2
LF:23
LH:23
BRDA:13,0,0,1
BRDA:13,0,1,2
BRDA:15,1,0,1
BRDA:15,1,1,1
BRDA:20,2,0,1
BRDA:20,2,1,1
BRDA:20,3,0,2
BRDA:20,3,1,1
BRDA:20,3,2,1
BRDA:20,3,3,1
BRDA:20,3,4,1
BRDA:28,4,0,1
BRDA:28,4,1,1
BRDA:30,5,0,0
BRDA:30,5,1,1
BRDA:35,6,0,1
BRDA:35,6,1,1
BRDA:37,7,0,0
BRDA:37,7,1,1
BRF:19
BRH:17
end_of_record
TN:
SF:services\productService.js
FN:6,(anonymous_0)
FN:11,(anonymous_1)
FN:18,(anonymous_2)
FN:28,(anonymous_3)
FN:39,(anonymous_4)
FNF:5
FNH:5
FNDA:1,(anonymous_0)
FNDA:3,(anonymous_1)
FNDA:2,(anonymous_2)
FNDA:1,(anonymous_3)
FNDA:1,(anonymous_4)
DA:1,2
DA:2,2
DA:3,2
DA:5,2
DA:7,1
DA:8,1
DA:12,3
DA:13,2
DA:14,2
DA:15,1
DA:19,2
DA:21,1
DA:22,1
DA:24,1
DA:25,1
DA:29,1
DA:30,1
DA:31,1
DA:32,0
DA:34,1
DA:35,1
DA:36,1
DA:40,1
DA:41,1
DA:42,1
DA:43,1
DA:47,2
LF:27
LH:26
BRDA:12,0,0,1
BRDA:12,0,1,2
BRDA:14,1,0,1
BRDA:14,1,1,1
BRDA:19,2,0,1
BRDA:19,2,1,1
BRDA:19,3,0,2
BRDA:19,3,1,1
BRDA:22,4,0,0
BRDA:22,4,1,1
BRDA:29,5,0,0
BRDA:29,5,1,1
BRDA:31,6,0,0
BRDA:31,6,1,1
BRDA:31,7,0,1
BRDA:31,7,1,1
BRDA:35,8,0,0
BRDA:35,8,1,1
BRDA:40,9,0,0
BRDA:40,9,1,1
BRDA:42,10,0,0
BRDA:42,10,1,1
BRF:22
BRH:16
end_of_record
TN:
SF:services\userService.js
FN:7,(anonymous_0)
FN:12,(anonymous_1)
FN:19,(anonymous_2)
FN:33,(anonymous_3)
FN:40,(anonymous_4)
FN:53,(anonymous_5)
FN:59,(anonymous_6)
FN:69,(anonymous_7)
FN:79,(anonymous_8)
FN:88,(anonymous_9)
FN:97,(anonymous_10)
FNF:11
FNH:11
FNDA:1,(anonymous_0)
FNDA:2,(anonymous_1)
FNDA:4,(anonymous_2)
FNDA:3,(anonymous_3)
FNDA:3,(anonymous_4)
FNDA:1,(anonymous_5)
FNDA:1,(anonymous_6)
FNDA:2,(anonymous_7)
FNDA:2,(anonymous_8)
FNDA:1,(anonymous_9)
FNDA:2,(anonymous_10)
DA:1,2
DA:2,2
DA:3,2
DA:5,2
DA:8,1
DA:9,1
DA:13,2
DA:14,1
DA:15,1
DA:16,0
DA:20,4
DA:22,4
DA:23,3
DA:25,1
DA:26,1
DA:28,1
DA:30,0
DA:34,3
DA:35,2
DA:36,2
DA:37,1
DA:41,3
DA:42,2
DA:43,2
DA:44,1
DA:54,1
DA:55,1
DA:60,1
DA:61,1
DA:62,1
DA:63,1
DA:70,2
DA:71,2
DA:74,2
DA:80,2
DA:81,2
DA:83,1
DA:89,1
DA:90,1
DA:92,1
DA:98,2
DA:99,2
DA:101,1
DA:106,2
LF:44
LH:42
BRDA:9,0,0,1
BRDA:9,0,1,1
BRDA:13,1,0,1
BRDA:13,1,1,1
BRDA:15,2,0,1
BRDA:15,2,1,0
BRDA:19,3,0,0
BRDA:20,4,0,4
BRDA:20,4,1,0
BRDA:22,5,0,3
BRDA:22,5,1,1
BRDA:22,6,0,4
BRDA:22,6,1,3
BRDA:22,6,2,3
BRDA:22,6,3,2
BRDA:26,7,0,1
BRDA:26,7,1,0
BRDA:33,8,0,0
BRDA:34,9,0,1
BRDA:34,9,1,2
BRDA:36,10,0,1
BRDA:36,10,1,1
BRDA:41,11,0,1
BRDA:41,11,1,2
BRDA:43,12,0,1
BRDA:43,12,1,1
BRDA:55,13,0,1
BRDA:55,13,1,0
BRDA:60,14,0,0
BRDA:60,14,1,1
BRDA:62,15,0,0
BRDA:62,15,1,1
BRDA:69,16,0,0
BRDA:79,17,0,0
BRF:34
BRH:24
end_of_record
